<?xml version="1.0" encoding="UTF-8"?>
<testng-results ignored="0" total="1" passed="1" failed="0" skipped="0">
  <reporter-output>
  </reporter-output>
  <suite started-at="2023-08-03T15:54:45 CEST" name="Default suite" finished-at="2023-08-03T15:54:45 CEST" duration-ms="78">
    <groups>
    </groups>
    <test started-at="2023-08-03T15:54:45 CEST" name="Default test" finished-at="2023-08-03T15:54:45 CEST" duration-ms="78">
      <class name="Gitpractice.Demo">
        <test-method signature="sample()[pri:0, instance:Gitpractice.Demo@740773a3]" started-at="2023-08-03T15:54:45 CEST" name="sample" finished-at="2023-08-03T15:54:45 CEST" duration-ms="15" status="PASS">
          <reporter-output>
          </reporter-output>
        </test-method> <!-- sample -->
      </class> <!-- Gitpractice.Demo -->
    </test> <!-- Default test -->
  </suite> <!-- Default suite -->
</testng-results>
